<?xml version="1.0" encoding="UTF-8"?>
<testsuite xmlns:xsi="http://www.w3.org/2001/XMLSchema-instance" xsi:noNamespaceSchemaLocation="https://maven.apache.org/surefire/maven-surefire-plugin/xsd/surefire-test-report.xsd" version="3.0.2" name="org.market.bingebuddies.BingeBuddiesApplicationTests" time="9.609" tests="1" errors="0" skipped="0" failures="0">
  <properties>
[...]
</properties>
  <testcase name="contextLoads" classname="org.market.bingebuddies.BingeBuddiesApplicationTests" time="0.347">
    <system-out><![CDATA[14:02:44.460 [main] INFO org.springframework.test.context.support.AnnotationConfigContextLoaderUtils -- Could not detect default configuration classes for test class [org.market.bingebuddies.BingeBuddiesApplicationTests]: BingeBuddiesApplicationTests does not declare any static, non-private, non-final, nested classes annotated with @Configuration.
14:02:44.603 [main] INFO org.springframework.boot.test.context.SpringBootTestContextBootstrapper -- Found @SpringBootConfiguration org.market.bingebuddies.BingeBuddiesApplication for test class org.market.bingebuddies.BingeBuddiesApplicationTests

  .   ____          _            __ _ _
 /\\ / ___'_ __ _ _(_)_ __  __ _ \ \ \ \
( ( )\___ | '_ | '_| | '_ \/ _` | \ \ \ \
 \\/  ___)| |_)| | | | | || (_| |  ) ) ) )
  '  |____| .__|_| |_|_| |_\__, | / / / /
 =========|_|==============|___/=/_/_/_/

 :: Spring Boot ::                (v3.5.0)

2025-07-03T14:02:45.174+03:00  INFO 20524 --- [BingeBuddies] [           main] o.m.b.BingeBuddiesApplicationTests       : Starting BingeBuddiesApplicationTests using Java 21.0.6 with PID 20524 (started by ioana in C:\Users\ioana\OneDrive - unibuc.ro\Desktop\Proiect AWBD 2\BingeBuddies)
2025-07-03T14:02:45.175+03:00  INFO 20524 --- [BingeBuddies] [           main] o.m.b.BingeBuddiesApplicationTests       : The following 1 profile is active: "mysql"
2025-07-03T14:02:46.373+03:00  INFO 20524 --- [BingeBuddies] [           main] .s.d.r.c.RepositoryConfigurationDelegate : Bootstrapping Spring Data JPA repositories in DEFAULT mode.
2025-07-03T14:02:46.464+03:00  INFO 20524 --- [BingeBuddies] [           main] .s.d.r.c.RepositoryConfigurationDelegate : Finished Spring Data repository scanning in 79 ms. Found 3 JPA repository interfaces.
2025-07-03T14:02:47.338+03:00  INFO 20524 --- [BingeBuddies] [           main] o.hibernate.jpa.internal.util.LogHelper  : HHH000204: Processing PersistenceUnitInfo [name: default]
2025-07-03T14:02:47.467+03:00  INFO 20524 --- [BingeBuddies] [           main] org.hibernate.Version                    : HHH000412: Hibernate ORM core version 6.6.15.Final
2025-07-03T14:02:47.546+03:00  INFO 20524 --- [BingeBuddies] [           main] o.h.c.internal.RegionFactoryInitiator    : HHH000026: Second-level cache disabled
2025-07-03T14:02:47.952+03:00  INFO 20524 --- [BingeBuddies] [           main] o.s.o.j.p.SpringPersistenceUnitInfo      : No LoadTimeWeaver setup: ignoring JPA class transformer
2025-07-03T14:02:47.995+03:00  INFO 20524 --- [BingeBuddies] [           main] com.zaxxer.hikari.HikariDataSource       : HikariPool-1 - Starting...
2025-07-03T14:02:48.386+03:00  INFO 20524 --- [BingeBuddies] [           main] com.zaxxer.hikari.pool.HikariPool        : HikariPool-1 - Added connection com.mysql.cj.jdbc.ConnectionImpl@54e94de9
2025-07-03T14:02:48.388+03:00  INFO 20524 --- [BingeBuddies] [           main] com.zaxxer.hikari.HikariDataSource       : HikariPool-1 - Start completed.
2025-07-03T14:02:48.512+03:00  INFO 20524 --- [BingeBuddies] [           main] org.hibernate.orm.connections.pooling    : HHH10001005: Database info:
	Database JDBC URL [Connecting through datasource 'HikariDataSource (HikariPool-1)']
	Database driver: undefined/unknown
	Database version: 8.0.41
	Autocommit mode: undefined/unknown
	Isolation level: undefined/unknown
	Minimum pool size: undefined/unknown
	Maximum pool size: undefined/unknown
2025-07-03T14:02:49.689+03:00  INFO 20524 --- [BingeBuddies] [           main] o.h.e.t.j.p.i.JtaPlatformInitiator       : HHH000489: No JTA platform available (set 'hibernate.transaction.jta.platform' to enable JTA platform integration)
Hibernate: create table authority (id bigint not null auto_increment, role varchar(255), primary key (id)) engine=InnoDB
Hibernate: create table club_members (club_id bigint not null, user_id bigint not null, primary key (club_id, user_id)) engine=InnoDB
Hibernate: create table club_settings (id bigint not null auto_increment, is_public bit not null, max_members integer not null check (max_members>=1), primary key (id)) engine=InnoDB
Hibernate: create table movie (id bigint not null auto_increment, avg_rating float(53) check ((avg_rating>=0) and (avg_rating<=5)), genre varchar(255) not null, release_year integer not null check ((release_year>=2000) and (release_year<=2030)), title varchar(255) not null, primary key (id)) engine=InnoDB
Hibernate: create table movie_club (id bigint not null auto_increment, admin_id bigint, description varchar(100), name varchar(100) not null, settings_id bigint not null, primary key (id)) engine=InnoDB
Hibernate: create table review (id bigint not null auto_increment, comment varchar(100), rating integer not null check ((rating>=1) and (rating<=5)), movie_id bigint not null, user_id bigint not null, primary key (id)) engine=InnoDB
Hibernate: create table screening_event (id bigint not null auto_increment, date datetime(6) not null, movie_id bigint not null, club_id bigint not null, primary key (id)) engine=InnoDB
Hibernate: create table user (id bigint not null auto_increment, account_non_expired bit, account_non_locked bit, credentials_non_expired bit, enabled bit, password varchar(255) not null, username varchar(20) not null, primary key (id)) engine=InnoDB
Hibernate: create table user_authority (user_id bigint not null, authority_id bigint not null, primary key (user_id, authority_id)) engine=InnoDB
Hibernate: create table watchlist (id bigint not null auto_increment, name varchar(20) not null, club_id bigint not null, primary key (id)) engine=InnoDB
Hibernate: create table watchlist_movie (watchlist_id bigint not null, movie_id bigint not null, primary key (watchlist_id, movie_id)) engine=InnoDB
Hibernate: alter table movie_club drop index UKthdm3nywpmgc7c9fxlpg09lmw
Hibernate: alter table movie_club add constraint UKthdm3nywpmgc7c9fxlpg09lmw unique (settings_id)
Hibernate: alter table club_members add constraint FKd72nu9s3kfr6xgq20tgdcoal3 foreign key (user_id) references user (id)
Hibernate: alter table club_members add constraint FK1yqkdkxpwxf23m0xhku0nyk72 foreign key (club_id) references movie_club (id)
Hibernate: alter table movie_club add constraint FKbcc1y2hs4kaj1qc1itwmkmgsk foreign key (settings_id) references club_settings (id)
Hibernate: alter table review add constraint FK8378dhlpvq0e9tnkn9mx0r64i foreign key (movie_id) references movie (id)
Hibernate: alter table review add constraint FKiyf57dy48lyiftdrf7y87rnxi foreign key (user_id) references user (id)
Hibernate: alter table screening_event add constraint FK5s1st4g7gidjbpun6xu51vnf5 foreign key (movie_id) references movie (id)
Hibernate: alter table screening_event add constraint FKqqlicpn1u8i6dhdfqgim8umms foreign key (club_id) references movie_club (id)
Hibernate: alter table user_authority add constraint FKgvxjs381k6f48d5d2yi11uh89 foreign key (authority_id) references authority (id)
Hibernate: alter table user_authority add constraint FKpqlsjpkybgos9w2svcri7j8xy foreign key (user_id) references user (id)
Hibernate: alter table watchlist add constraint FKa8lgdd5056jdofvcp93jtq6nv foreign key (club_id) references movie_club (id)
Hibernate: alter table watchlist_movie add constraint FK2uxmu037ud7sa8xtuy2chcknd foreign key (movie_id) references movie (id)
Hibernate: alter table watchlist_movie add constraint FKp028k8ttcl3cvc9ymq4lrgoo5 foreign key (watchlist_id) references watchlist (id)
2025-07-03T14:02:50.983+03:00  INFO 20524 --- [BingeBuddies] [           main] j.LocalContainerEntityManagerFactoryBean : Initialized JPA EntityManagerFactory for persistence unit 'default'
2025-07-03T14:02:51.676+03:00  WARN 20524 --- [BingeBuddies] [           main] JpaBaseConfiguration$JpaWebConfiguration : spring.jpa.open-in-view is enabled by default. Therefore, database queries may be performed during view rendering. Explicitly configure spring.jpa.open-in-view to disable this warning
2025-07-03T14:02:51.741+03:00  INFO 20524 --- [BingeBuddies] [           main] r$InitializeUserDetailsManagerConfigurer : Global AuthenticationManager configured with UserDetailsService bean with name JPAUserDetailsService
2025-07-03T14:02:52.904+03:00  INFO 20524 --- [BingeBuddies] [           main] o.m.b.BingeBuddiesApplicationTests       : Started BingeBuddiesApplicationTests in 8.106 seconds (process running for 9.208)
Hibernate: select count(*) from user u1_0
Hibernate: insert into authority (role) values (?)
Hibernate: insert into authority (role) values (?)
Hibernate: insert into user (account_non_expired,account_non_locked,credentials_non_expired,enabled,password,username) values (?,?,?,?,?,?)
Hibernate: insert into user_authority (user_id,authority_id) values (?,?)
Hibernate: insert into user (account_non_expired,account_non_locked,credentials_non_expired,enabled,password,username) values (?,?,?,?,?,?)
Hibernate: insert into user_authority (user_id,authority_id) values (?,?)
]]></system-out>
    <system-err><![CDATA[Mockito is currently self-attaching to enable the inline-mock-maker. This will no longer work in future releases of the JDK. Please add Mockito as an agent to your build as described in Mockito's documentation: https://javadoc.io/doc/org.mockito/mockito-core/latest/org.mockito/org/mockito/Mockito.html#0.3
WARNING: A Java agent has been loaded dynamically (C:\Users\ioana\.m2\repository\net\bytebuddy\byte-buddy-agent\1.17.5\byte-buddy-agent-1.17.5.jar)
WARNING: If a serviceability tool is in use, please run with -XX:+EnableDynamicAgentLoading to hide this warning
WARNING: If a serviceability tool is not in use, please run with -Djdk.instrument.traceUsage for more information
WARNING: Dynamic loading of agents will be disallowed by default in a future release
]]></system-err>
  </testcase>
</testsuite>