<?xml version="1.0" encoding="UTF-8"?>
<testsuite xmlns:xsi="http://www.w3.org/2001/XMLSchema-instance" xsi:noNamespaceSchemaLocation="https://maven.apache.org/surefire/maven-surefire-plugin/xsd/surefire-test-report.xsd" version="3.0.2" name="org.market.bingebuddies.integrationTests.MovieControllerTests" time="2.839" tests="5" errors="0" skipped="0" failures="0">
  <properties>
[...]
</properties>
  <testcase name="addMovie_ValidMovie_ShouldRedirectToMovies" classname="org.market.bingebuddies.integrationTests.MovieControllerTests" time="0.26">
    <system-out><![CDATA[2025-07-04T21:19:26.862+03:00  INFO 11252 --- [BingeBuddies] [           main] t.c.s.AnnotationConfigContextLoaderUtils : Could not detect default configuration classes for test class [org.market.bingebuddies.integrationTests.MovieControllerTests]: MovieControllerTests does not declare any static, non-private, non-final, nested classes annotated with @Configuration.
2025-07-04T21:19:26.890+03:00  INFO 11252 --- [BingeBuddies] [           main] .b.t.c.SpringBootTestContextBootstrapper : Found @SpringBootConfiguration org.market.bingebuddies.BingeBuddiesApplication for test class org.market.bingebuddies.integrationTests.MovieControllerTests

  .   ____          _            __ _ _
 /\\ / ___'_ __ _ _(_)_ __  __ _ \ \ \ \
( ( )\___ | '_ | '_| | '_ \/ _` | \ \ \ \
 \\/  ___)| |_)| | | | | || (_| |  ) ) ) )
  '  |____| .__|_| |_|_| |_\__, | / / / /
 =========|_|==============|___/=/_/_/_/

 :: Spring Boot ::                (v3.5.0)

2025-07-04T21:19:26.941+03:00  INFO 11252 --- [BingeBuddies] [           main] o.m.b.i.MovieControllerTests             : Starting MovieControllerTests using Java 21.0.6 with PID 11252 (started by ioana in C:\Users\ioana\OneDrive - unibuc.ro\Desktop\Proiect AWBD 2\BingeBuddies)
2025-07-04T21:19:26.942+03:00  INFO 11252 --- [BingeBuddies] [           main] o.m.b.i.MovieControllerTests             : The following 1 profile is active: "h2"
2025-07-04T21:19:27.202+03:00  INFO 11252 --- [BingeBuddies] [           main] .s.d.r.c.RepositoryConfigurationDelegate : Bootstrapping Spring Data JPA repositories in DEFAULT mode.
2025-07-04T21:19:27.234+03:00  INFO 11252 --- [BingeBuddies] [           main] .s.d.r.c.RepositoryConfigurationDelegate : Finished Spring Data repository scanning in 30 ms. Found 6 JPA repository interfaces.
2025-07-04T21:19:27.386+03:00  INFO 11252 --- [BingeBuddies] [           main] o.hibernate.jpa.internal.util.LogHelper  : HHH000204: Processing PersistenceUnitInfo [name: default]
2025-07-04T21:19:27.388+03:00  INFO 11252 --- [BingeBuddies] [           main] o.h.c.internal.RegionFactoryInitiator    : HHH000026: Second-level cache disabled
2025-07-04T21:19:27.398+03:00  INFO 11252 --- [BingeBuddies] [           main] o.s.o.j.p.SpringPersistenceUnitInfo      : No LoadTimeWeaver setup: ignoring JPA class transformer
2025-07-04T21:19:27.399+03:00  INFO 11252 --- [BingeBuddies] [           main] com.zaxxer.hikari.HikariDataSource       : HikariPool-2 - Starting...
2025-07-04T21:19:27.589+03:00  INFO 11252 --- [BingeBuddies] [           main] com.zaxxer.hikari.pool.HikariPool        : HikariPool-2 - Added connection conn0: url=jdbc:h2:mem:bingeBuddiesDB user=SA
2025-07-04T21:19:27.590+03:00  INFO 11252 --- [BingeBuddies] [           main] com.zaxxer.hikari.HikariDataSource       : HikariPool-2 - Start completed.
2025-07-04T21:19:27.598+03:00  WARN 11252 --- [BingeBuddies] [           main] org.hibernate.orm.deprecation            : HHH90000025: H2Dialect does not need to be specified explicitly using 'hibernate.dialect' (remove the property setting and it will be selected by default)
2025-07-04T21:19:27.604+03:00  INFO 11252 --- [BingeBuddies] [           main] org.hibernate.orm.connections.pooling    : HHH10001005: Database info:
	Database JDBC URL [Connecting through datasource 'HikariDataSource (HikariPool-2)']
	Database driver: undefined/unknown
	Database version: 2.3.232
	Autocommit mode: undefined/unknown
	Isolation level: undefined/unknown
	Minimum pool size: undefined/unknown
	Maximum pool size: undefined/unknown
2025-07-04T21:19:27.756+03:00  INFO 11252 --- [BingeBuddies] [           main] o.h.e.t.j.p.i.JtaPlatformInitiator       : HHH000489: No JTA platform available (set 'hibernate.transaction.jta.platform' to enable JTA platform integration)
Hibernate: drop table if exists app_user cascade 
Hibernate: drop table if exists authority cascade 
Hibernate: drop table if exists club_members cascade 
Hibernate: drop table if exists club_settings cascade 
Hibernate: drop table if exists movie cascade 
Hibernate: drop table if exists movie_club cascade 
Hibernate: drop table if exists review cascade 
Hibernate: drop table if exists screening_event cascade 
Hibernate: drop table if exists user_authority cascade 
Hibernate: drop table if exists watchlist cascade 
Hibernate: drop table if exists watchlist_movie cascade 
Hibernate: create table app_user (account_non_expired boolean, account_non_locked boolean, credentials_non_expired boolean, enabled boolean, id bigint generated by default as identity, username varchar(20) not null, password varchar(255) not null, primary key (id))
Hibernate: create table authority (id bigint generated by default as identity, role varchar(255), primary key (id))
Hibernate: create table club_members (club_id bigint not null, user_id bigint not null, primary key (club_id, user_id))
Hibernate: create table club_settings (is_public boolean not null, max_members integer not null check (max_members>=1), id bigint generated by default as identity, primary key (id))
Hibernate: create table movie (avg_rating float(53) check ((avg_rating>=0) and (avg_rating<=5)), release_year integer not null check ((release_year>=2000) and (release_year<=2030)), id bigint generated by default as identity, genre varchar(255) not null, title varchar(255) not null, primary key (id))
Hibernate: create table movie_club (admin_id bigint, id bigint generated by default as identity, settings_id bigint not null unique, description varchar(100), name varchar(100) not null, primary key (id))
Hibernate: create table review (rating integer not null check ((rating>=1) and (rating<=5)), id bigint generated by default as identity, movie_id bigint not null, user_id bigint not null, comment varchar(100), primary key (id))
Hibernate: create table screening_event (club_id bigint not null, date timestamp(6) not null, id bigint generated by default as identity, movie_id bigint not null, primary key (id))
Hibernate: create table user_authority (authority_id bigint not null, user_id bigint not null, primary key (authority_id, user_id))
Hibernate: create table watchlist (club_id bigint not null, id bigint generated by default as identity, name varchar(20) not null, primary key (id))
Hibernate: create table watchlist_movie (movie_id bigint not null, watchlist_id bigint not null, primary key (movie_id, watchlist_id))
Hibernate: alter table if exists club_members add constraint FK7n4dt7r5ep7pn0k4l61nejrtu foreign key (user_id) references app_user
Hibernate: alter table if exists club_members add constraint FK1yqkdkxpwxf23m0xhku0nyk72 foreign key (club_id) references movie_club
Hibernate: alter table if exists movie_club add constraint FKbcc1y2hs4kaj1qc1itwmkmgsk foreign key (settings_id) references club_settings
Hibernate: alter table if exists review add constraint FK8378dhlpvq0e9tnkn9mx0r64i foreign key (movie_id) references movie
Hibernate: alter table if exists review add constraint FKc7y0l3wac4n2ewm6a2uecd54c foreign key (user_id) references app_user
Hibernate: alter table if exists screening_event add constraint FK5s1st4g7gidjbpun6xu51vnf5 foreign key (movie_id) references movie
Hibernate: alter table if exists screening_event add constraint FKqqlicpn1u8i6dhdfqgim8umms foreign key (club_id) references movie_club
Hibernate: alter table if exists user_authority add constraint FKgvxjs381k6f48d5d2yi11uh89 foreign key (authority_id) references authority
Hibernate: alter table if exists user_authority add constraint FKeoyor0ywyy3m5xntqmjvah310 foreign key (user_id) references app_user
Hibernate: alter table if exists watchlist add constraint FKa8lgdd5056jdofvcp93jtq6nv foreign key (club_id) references movie_club
Hibernate: alter table if exists watchlist_movie add constraint FK2uxmu037ud7sa8xtuy2chcknd foreign key (movie_id) references movie
Hibernate: alter table if exists watchlist_movie add constraint FKp028k8ttcl3cvc9ymq4lrgoo5 foreign key (watchlist_id) references watchlist
2025-07-04T21:19:27.824+03:00  INFO 11252 --- [BingeBuddies] [           main] j.LocalContainerEntityManagerFactoryBean : Initialized JPA EntityManagerFactory for persistence unit 'default'
2025-07-04T21:19:27.992+03:00  WARN 11252 --- [BingeBuddies] [           main] JpaBaseConfiguration$JpaWebConfiguration : spring.jpa.open-in-view is enabled by default. Therefore, database queries may be performed during view rendering. Explicitly configure spring.jpa.open-in-view to disable this warning
2025-07-04T21:19:28.006+03:00  INFO 11252 --- [BingeBuddies] [           main] r$InitializeUserDetailsManagerConfigurer : Global AuthenticationManager configured with UserDetailsService bean with name JPAUserDetailsService
2025-07-04T21:19:28.204+03:00  INFO 11252 --- [BingeBuddies] [           main] o.s.b.a.h2.H2ConsoleAutoConfiguration    : H2 console available at '/h2-console'. Database available at 'jdbc:h2:mem:bingeBuddiesDB'
2025-07-04T21:19:28.310+03:00  INFO 11252 --- [BingeBuddies] [           main] o.s.b.t.m.w.SpringBootMockServletContext : Initializing Spring TestDispatcherServlet ''
2025-07-04T21:19:28.310+03:00  INFO 11252 --- [BingeBuddies] [           main] o.s.t.web.servlet.TestDispatcherServlet  : Initializing Servlet ''
2025-07-04T21:19:28.311+03:00  INFO 11252 --- [BingeBuddies] [           main] o.s.t.web.servlet.TestDispatcherServlet  : Completed initialization in 1 ms
2025-07-04T21:19:28.325+03:00  INFO 11252 --- [BingeBuddies] [           main] o.m.b.i.MovieControllerTests             : Started MovieControllerTests in 1.428 seconds (process running for 10.542)
2025-07-04T21:19:28.472+03:00  INFO 11252 --- [BingeBuddies] [           main] o.m.bingebuddies.aspect.LoggingAspect    : >>>> Entering controller method: org.market.bingebuddies.controllers.MovieController.addMovie() with args: [MovieDTO(id=null, title=Matrix, genre=Action, releaseYear=2001, avgRating=4.5, reviews=null), org.springframework.validation.BeanPropertyBindingResult: 0 errors, {}, org.springframework.security.core.userdetails.User [Username=user, Password=[PROTECTED], Enabled=true, AccountNonExpired=true, CredentialsNonExpired=true, AccountNonLocked=true, Granted Authorities=[ROLE_ADMIN]]]
2025-07-04T21:19:28.476+03:00  INFO 11252 --- [BingeBuddies] [           main] o.m.bingebuddies.aspect.LoggingAspect    : >>>> Entering service method: org.market.bingebuddies.services.impl.MovieServiceImpl.addMovie() with args: [MovieDTO(id=null, title=Matrix, genre=Action, releaseYear=2001, avgRating=4.5, reviews=null)]
Hibernate: select m1_0.id,m1_0.avg_rating,m1_0.genre,m1_0.release_year,m1_0.title from movie m1_0 where m1_0.title=? and m1_0.release_year=?
Hibernate: insert into movie (avg_rating,genre,release_year,title,id) values (?,?,?,?,default)
2025-07-04T21:19:28.563+03:00  INFO 11252 --- [BingeBuddies] [           main] o.m.bingebuddies.aspect.LoggingAspect    : <<<< Exiting service method: org.market.bingebuddies.services.impl.MovieServiceImpl.addMovie() with result: MovieDTO(id=1, title=Matrix, genre=Action, releaseYear=2001, avgRating=4.5, reviews=null)
2025-07-04T21:19:28.564+03:00  INFO 11252 --- [BingeBuddies] [           main] o.m.bingebuddies.aspect.LoggingAspect    : <<<< Controller method finished: org.market.bingebuddies.controllers.MovieController.addMovie()
]]></system-out>
  </testcase>
  <testcase name="displayMovies_ShouldReturnMoviesView" classname="org.market.bingebuddies.integrationTests.MovieControllerTests" time="0.978">
    <system-out><![CDATA[2025-07-04T21:19:28.597+03:00  INFO 11252 --- [BingeBuddies] [           main] o.m.bingebuddies.aspect.LoggingAspect    : >>>> Entering controller method: org.market.bingebuddies.controllers.MovieController.displayMovies() with args: [{}]
2025-07-04T21:19:28.597+03:00  INFO 11252 --- [BingeBuddies] [           main] o.m.bingebuddies.aspect.LoggingAspect    : >>>> Entering service method: org.market.bingebuddies.services.impl.MovieServiceImpl.getAllMovies() with args: []
Hibernate: select m1_0.id,m1_0.avg_rating,m1_0.genre,m1_0.release_year,m1_0.title from movie m1_0
2025-07-04T21:19:28.600+03:00  INFO 11252 --- [BingeBuddies] [           main] o.m.bingebuddies.aspect.LoggingAspect    : <<<< Exiting service method: org.market.bingebuddies.services.impl.MovieServiceImpl.getAllMovies() with result: []
2025-07-04T21:19:28.601+03:00  INFO 11252 --- [BingeBuddies] [           main] o.m.bingebuddies.aspect.LoggingAspect    : <<<< Controller method finished: org.market.bingebuddies.controllers.MovieController.displayMovies()
]]></system-out>
  </testcase>
  <testcase name="displayNewMovieForm_AsAdmin_ShouldSucceed" classname="org.market.bingebuddies.integrationTests.MovieControllerTests" time="0.057">
    <system-out><![CDATA[2025-07-04T21:19:29.578+03:00  INFO 11252 --- [BingeBuddies] [           main] o.m.bingebuddies.aspect.LoggingAspect    : >>>> Entering controller method: org.market.bingebuddies.controllers.MovieController.displayNewMovieForm() with args: [{}, org.springframework.security.core.userdetails.User [Username=user, Password=[PROTECTED], Enabled=true, AccountNonExpired=true, CredentialsNonExpired=true, AccountNonLocked=true, Granted Authorities=[ROLE_ADMIN]], {}]
2025-07-04T21:19:29.579+03:00  INFO 11252 --- [BingeBuddies] [           main] o.m.bingebuddies.aspect.LoggingAspect    : <<<< Controller method finished: org.market.bingebuddies.controllers.MovieController.displayNewMovieForm()
]]></system-out>
  </testcase>
  <testcase name="addMovie_InvalidData_ShouldReturnForm" classname="org.market.bingebuddies.integrationTests.MovieControllerTests" time="0.042">
    <system-out><![CDATA[2025-07-04T21:19:29.642+03:00  INFO 11252 --- [BingeBuddies] [           main] o.m.bingebuddies.aspect.LoggingAspect    : >>>> Entering controller method: org.market.bingebuddies.controllers.MovieController.addMovie() with args: [MovieDTO(id=null, title=, genre=, releaseYear=1999, avgRating=null, reviews=null), org.springframework.validation.BeanPropertyBindingResult: 3 errors
Field error in object 'movie' on field 'releaseYear': rejected value [1999]; codes [Min.movie.releaseYear,Min.releaseYear,Min.java.lang.Integer,Min]; arguments [org.springframework.context.support.DefaultMessageSourceResolvable: codes [movie.releaseYear,releaseYear]; arguments []; default message [releaseYear],2000]; default message [Release year must be after 2000.]
Field error in object 'movie' on field 'genre': rejected value []; codes [NotBlank.movie.genre,NotBlank.genre,NotBlank.java.lang.String,NotBlank]; arguments [org.springframework.context.support.DefaultMessageSourceResolvable: codes [movie.genre,genre]; arguments []; default message [genre]]; default message [Movie genre required.]
Field error in object 'movie' on field 'title': rejected value []; codes [NotBlank.movie.title,NotBlank.title,NotBlank.java.lang.String,NotBlank]; arguments [org.springframework.context.support.DefaultMessageSourceResolvable: codes [movie.title,title]; arguments []; default message [title]]; default message [Movie title required.], {}, org.springframework.security.core.userdetails.User [Username=user, Password=[PROTECTED], Enabled=true, AccountNonExpired=true, CredentialsNonExpired=true, AccountNonLocked=true, Granted Authorities=[ROLE_ADMIN]]]
2025-07-04T21:19:29.643+03:00  INFO 11252 --- [BingeBuddies] [           main] o.m.bingebuddies.aspect.LoggingAspect    : <<<< Controller method finished: org.market.bingebuddies.controllers.MovieController.addMovie()
]]></system-out>
  </testcase>
  <testcase name="deleteMovie_ValidId_ShouldRedirectToMovieDetailsIfErrorOccurs" classname="org.market.bingebuddies.integrationTests.MovieControllerTests" time="0.027">
    <system-out><![CDATA[2025-07-04T21:19:29.676+03:00  INFO 11252 --- [BingeBuddies] [           main] o.m.bingebuddies.aspect.LoggingAspect    : >>>> Entering service method: org.market.bingebuddies.services.impl.MovieServiceImpl.addMovie() with args: [MovieDTO(id=null, title=Inception, genre=Sci-Fi, releaseYear=2010, avgRating=4.8, reviews=null)]
Hibernate: select m1_0.id,m1_0.avg_rating,m1_0.genre,m1_0.release_year,m1_0.title from movie m1_0 where m1_0.title=? and m1_0.release_year=?
Hibernate: insert into movie (avg_rating,genre,release_year,title,id) values (?,?,?,?,default)
2025-07-04T21:19:29.681+03:00  INFO 11252 --- [BingeBuddies] [           main] o.m.bingebuddies.aspect.LoggingAspect    : <<<< Exiting service method: org.market.bingebuddies.services.impl.MovieServiceImpl.addMovie() with result: MovieDTO(id=2, title=Inception, genre=Sci-Fi, releaseYear=2010, avgRating=4.8, reviews=null)
2025-07-04T21:19:29.685+03:00  INFO 11252 --- [BingeBuddies] [           main] o.m.bingebuddies.aspect.LoggingAspect    : >>>> Entering controller method: org.market.bingebuddies.controllers.MovieController.deleteMovie() with args: [2, org.springframework.security.core.userdetails.User [Username=user, Password=[PROTECTED], Enabled=true, AccountNonExpired=true, CredentialsNonExpired=true, AccountNonLocked=true, Granted Authorities=[ROLE_ADMIN]], {}]
2025-07-04T21:19:29.685+03:00  INFO 11252 --- [BingeBuddies] [           main] o.m.bingebuddies.aspect.LoggingAspect    : >>>> Entering service method: org.market.bingebuddies.services.impl.MovieServiceImpl.deleteMovie() with args: [2]
2025-07-04T21:19:29.694+03:00  INFO 11252 --- [BingeBuddies] [           main] o.m.bingebuddies.aspect.LoggingAspect    : <<<< Controller method finished: org.market.bingebuddies.controllers.MovieController.deleteMovie()
]]></system-out>
  </testcase>
</testsuite>